<?xml version="1.0" encoding="UTF-8"?>
<!-- Generated by org.testng.reporters.JUnitReportReporter -->
<testsuite skipped="0" hostname="DESKTOP-D69MGO4" name="testCases.LoginpageTest" tests="1" failures="0" timestamp="2021-06-11T12:56:09 CDT" time="6.783" errors="0">
  <testcase name="logintest" time="6.783" classname="testCases.LoginpageTest"/>
  <system-out/>
</testsuite> <!-- testCases.LoginpageTest -->
